2017-04-19 4:31:54 - PHP Notice:  Undefined variable: sku in E:\server\wamp\www\namsteindia\catalog\view\theme\default\template\product\product.tpl on line 86
2017-04-23 16:28:04 - PHP Notice:  Undefined index: USD in /home/internationalinf/india.internationalinfotech.com/system/library/cart/currency.php on line 25
2017-04-23 16:28:04 - PHP Notice:  Undefined index: USD in /home/internationalinf/india.internationalinfotech.com/system/library/cart/currency.php on line 26
2017-04-23 16:28:04 - PHP Notice:  Undefined index: USD in /home/internationalinf/india.internationalinfotech.com/system/library/cart/currency.php on line 27
2017-04-23 16:28:04 - PHP Notice:  Undefined index: USD in /home/internationalinf/india.internationalinfotech.com/system/library/cart/currency.php on line 30
2017-04-23 16:28:04 - PHP Notice:  Undefined index: USD in /home/internationalinf/india.internationalinfotech.com/system/library/cart/currency.php on line 25
2017-04-23 16:28:04 - PHP Notice:  Undefined index: USD in /home/internationalinf/india.internationalinfotech.com/system/library/cart/currency.php on line 26
2017-04-23 16:28:04 - PHP Notice:  Undefined index: USD in /home/internationalinf/india.internationalinfotech.com/system/library/cart/currency.php on line 27
2017-04-23 16:28:04 - PHP Notice:  Undefined index: USD in /home/internationalinf/india.internationalinfotech.com/system/library/cart/currency.php on line 30
2017-04-23 16:28:04 - PHP Notice:  Undefined index: USD in /home/internationalinf/india.internationalinfotech.com/system/library/cart/currency.php on line 25
2017-04-23 16:28:04 - PHP Notice:  Undefined index: USD in /home/internationalinf/india.internationalinfotech.com/system/library/cart/currency.php on line 26
2017-04-23 16:28:04 - PHP Notice:  Undefined index: USD in /home/internationalinf/india.internationalinfotech.com/system/library/cart/currency.php on line 27
2017-04-23 16:28:04 - PHP Notice:  Undefined index: USD in /home/internationalinf/india.internationalinfotech.com/system/library/cart/currency.php on line 30
2017-04-23 16:28:04 - PHP Notice:  Undefined index: USD in /home/internationalinf/india.internationalinfotech.com/system/library/cart/currency.php on line 25
2017-04-23 16:28:04 - PHP Notice:  Undefined index: USD in /home/internationalinf/india.internationalinfotech.com/system/library/cart/currency.php on line 26
2017-04-23 16:28:04 - PHP Notice:  Undefined index: USD in /home/internationalinf/india.internationalinfotech.com/system/library/cart/currency.php on line 27
2017-04-23 16:28:04 - PHP Notice:  Undefined index: USD in /home/internationalinf/india.internationalinfotech.com/system/library/cart/currency.php on line 30
2017-04-23 16:28:05 - PHP Notice:  Undefined index: USD in /home/internationalinf/india.internationalinfotech.com/system/library/cart/currency.php on line 25
2017-04-23 16:28:05 - PHP Notice:  Undefined index: USD in /home/internationalinf/india.internationalinfotech.com/system/library/cart/currency.php on line 26
2017-04-23 16:28:05 - PHP Notice:  Undefined index: USD in /home/internationalinf/india.internationalinfotech.com/system/library/cart/currency.php on line 27
2017-04-23 16:28:05 - PHP Notice:  Undefined index: USD in /home/internationalinf/india.internationalinfotech.com/system/library/cart/currency.php on line 30
2017-04-23 16:28:05 - PHP Notice:  Undefined index: USD in /home/internationalinf/india.internationalinfotech.com/system/library/cart/currency.php on line 25
2017-04-23 16:28:05 - PHP Notice:  Undefined index: USD in /home/internationalinf/india.internationalinfotech.com/system/library/cart/currency.php on line 26
2017-04-23 16:28:05 - PHP Notice:  Undefined index: USD in /home/internationalinf/india.internationalinfotech.com/system/library/cart/currency.php on line 27
2017-04-23 16:28:05 - PHP Notice:  Undefined index: USD in /home/internationalinf/india.internationalinfotech.com/system/library/cart/currency.php on line 30
2017-04-23 16:28:05 - PHP Notice:  Undefined index: USD in /home/internationalinf/india.internationalinfotech.com/system/library/cart/currency.php on line 25
2017-04-23 16:28:05 - PHP Notice:  Undefined index: USD in /home/internationalinf/india.internationalinfotech.com/system/library/cart/currency.php on line 26
2017-04-23 16:28:05 - PHP Notice:  Undefined index: USD in /home/internationalinf/india.internationalinfotech.com/system/library/cart/currency.php on line 27
2017-04-23 16:28:05 - PHP Notice:  Undefined index: USD in /home/internationalinf/india.internationalinfotech.com/system/library/cart/currency.php on line 30
2017-04-23 16:28:05 - PHP Notice:  Undefined index: USD in /home/internationalinf/india.internationalinfotech.com/system/library/cart/currency.php on line 25
2017-04-23 16:28:05 - PHP Notice:  Undefined index: USD in /home/internationalinf/india.internationalinfotech.com/system/library/cart/currency.php on line 26
2017-04-23 16:28:05 - PHP Notice:  Undefined index: USD in /home/internationalinf/india.internationalinfotech.com/system/library/cart/currency.php on line 27
2017-04-23 16:28:05 - PHP Notice:  Undefined index: USD in /home/internationalinf/india.internationalinfotech.com/system/library/cart/currency.php on line 30
2017-04-23 16:28:05 - PHP Notice:  Undefined index: USD in /home/internationalinf/india.internationalinfotech.com/system/library/cart/currency.php on line 25
2017-04-23 16:28:05 - PHP Notice:  Undefined index: USD in /home/internationalinf/india.internationalinfotech.com/system/library/cart/currency.php on line 26
2017-04-23 16:28:05 - PHP Notice:  Undefined index: USD in /home/internationalinf/india.internationalinfotech.com/system/library/cart/currency.php on line 27
2017-04-23 16:28:05 - PHP Notice:  Undefined index: USD in /home/internationalinf/india.internationalinfotech.com/system/library/cart/currency.php on line 30
2017-04-23 16:28:08 - PHP Notice:  Undefined index: USD in /home/internationalinf/india.internationalinfotech.com/system/library/cart/currency.php on line 25
2017-04-23 16:28:08 - PHP Notice:  Undefined index: USD in /home/internationalinf/india.internationalinfotech.com/system/library/cart/currency.php on line 26
2017-04-23 16:28:08 - PHP Notice:  Undefined index: USD in /home/internationalinf/india.internationalinfotech.com/system/library/cart/currency.php on line 27
2017-04-23 16:28:08 - PHP Notice:  Undefined index: USD in /home/internationalinf/india.internationalinfotech.com/system/library/cart/currency.php on line 30
2017-04-23 16:28:08 - PHP Notice:  Undefined index: USD in /home/internationalinf/india.internationalinfotech.com/system/library/cart/currency.php on line 25
2017-04-23 16:28:08 - PHP Notice:  Undefined index: USD in /home/internationalinf/india.internationalinfotech.com/system/library/cart/currency.php on line 26
2017-04-23 16:28:08 - PHP Notice:  Undefined index: USD in /home/internationalinf/india.internationalinfotech.com/system/library/cart/currency.php on line 27
2017-04-23 16:28:08 - PHP Notice:  Undefined index: USD in /home/internationalinf/india.internationalinfotech.com/system/library/cart/currency.php on line 30
2017-04-23 16:28:08 - PHP Notice:  Undefined index: USD in /home/internationalinf/india.internationalinfotech.com/system/library/cart/currency.php on line 25
2017-04-23 16:28:08 - PHP Notice:  Undefined index: USD in /home/internationalinf/india.internationalinfotech.com/system/library/cart/currency.php on line 26
2017-04-23 16:28:08 - PHP Notice:  Undefined index: USD in /home/internationalinf/india.internationalinfotech.com/system/library/cart/currency.php on line 27
2017-04-23 16:28:08 - PHP Notice:  Undefined index: USD in /home/internationalinf/india.internationalinfotech.com/system/library/cart/currency.php on line 30
2017-04-23 16:28:08 - PHP Notice:  Undefined index: USD in /home/internationalinf/india.internationalinfotech.com/system/library/cart/currency.php on line 25
2017-04-23 16:28:08 - PHP Notice:  Undefined index: USD in /home/internationalinf/india.internationalinfotech.com/system/library/cart/currency.php on line 26
2017-04-23 16:28:08 - PHP Notice:  Undefined index: USD in /home/internationalinf/india.internationalinfotech.com/system/library/cart/currency.php on line 27
2017-04-23 16:28:08 - PHP Notice:  Undefined index: USD in /home/internationalinf/india.internationalinfotech.com/system/library/cart/currency.php on line 30
2017-04-23 16:28:08 - PHP Notice:  Undefined index: USD in /home/internationalinf/india.internationalinfotech.com/system/library/cart/currency.php on line 25
2017-04-23 16:28:08 - PHP Notice:  Undefined index: USD in /home/internationalinf/india.internationalinfotech.com/system/library/cart/currency.php on line 26
2017-04-23 16:28:08 - PHP Notice:  Undefined index: USD in /home/internationalinf/india.internationalinfotech.com/system/library/cart/currency.php on line 27
2017-04-23 16:28:08 - PHP Notice:  Undefined index: USD in /home/internationalinf/india.internationalinfotech.com/system/library/cart/currency.php on line 30
2017-04-23 16:28:08 - PHP Notice:  Undefined index: USD in /home/internationalinf/india.internationalinfotech.com/system/library/cart/currency.php on line 25
2017-04-23 16:28:08 - PHP Notice:  Undefined index: USD in /home/internationalinf/india.internationalinfotech.com/system/library/cart/currency.php on line 26
2017-04-23 16:28:08 - PHP Notice:  Undefined index: USD in /home/internationalinf/india.internationalinfotech.com/system/library/cart/currency.php on line 27
2017-04-23 16:28:08 - PHP Notice:  Undefined index: USD in /home/internationalinf/india.internationalinfotech.com/system/library/cart/currency.php on line 30
2017-04-23 16:28:08 - PHP Notice:  Undefined index: USD in /home/internationalinf/india.internationalinfotech.com/system/library/cart/currency.php on line 25
2017-04-23 16:28:08 - PHP Notice:  Undefined index: USD in /home/internationalinf/india.internationalinfotech.com/system/library/cart/currency.php on line 26
2017-04-23 16:28:08 - PHP Notice:  Undefined index: USD in /home/internationalinf/india.internationalinfotech.com/system/library/cart/currency.php on line 27
2017-04-23 16:28:08 - PHP Notice:  Undefined index: USD in /home/internationalinf/india.internationalinfotech.com/system/library/cart/currency.php on line 30
2017-04-23 16:28:08 - PHP Notice:  Undefined index: USD in /home/internationalinf/india.internationalinfotech.com/system/library/cart/currency.php on line 25
2017-04-23 16:28:08 - PHP Notice:  Undefined index: USD in /home/internationalinf/india.internationalinfotech.com/system/library/cart/currency.php on line 26
2017-04-23 16:28:08 - PHP Notice:  Undefined index: USD in /home/internationalinf/india.internationalinfotech.com/system/library/cart/currency.php on line 27
2017-04-23 16:28:08 - PHP Notice:  Undefined index: USD in /home/internationalinf/india.internationalinfotech.com/system/library/cart/currency.php on line 30
2017-04-23 16:28:08 - PHP Notice:  Undefined index: USD in /home/internationalinf/india.internationalinfotech.com/system/library/cart/currency.php on line 25
2017-04-23 16:28:08 - PHP Notice:  Undefined index: USD in /home/internationalinf/india.internationalinfotech.com/system/library/cart/currency.php on line 26
2017-04-23 16:28:08 - PHP Notice:  Undefined index: USD in /home/internationalinf/india.internationalinfotech.com/system/library/cart/currency.php on line 27
2017-04-23 16:28:08 - PHP Notice:  Undefined index: USD in /home/internationalinf/india.internationalinfotech.com/system/library/cart/currency.php on line 30
2017-04-23 16:28:11 - PHP Notice:  Undefined index: USD in /home/internationalinf/india.internationalinfotech.com/system/library/cart/currency.php on line 25
2017-04-23 16:28:11 - PHP Notice:  Undefined index: USD in /home/internationalinf/india.internationalinfotech.com/system/library/cart/currency.php on line 26
2017-04-23 16:28:11 - PHP Notice:  Undefined index: USD in /home/internationalinf/india.internationalinfotech.com/system/library/cart/currency.php on line 27
2017-04-23 16:28:11 - PHP Notice:  Undefined index: USD in /home/internationalinf/india.internationalinfotech.com/system/library/cart/currency.php on line 30
2017-04-23 16:28:11 - PHP Notice:  Undefined index: USD in /home/internationalinf/india.internationalinfotech.com/system/library/cart/currency.php on line 25
2017-04-23 16:28:11 - PHP Notice:  Undefined index: USD in /home/internationalinf/india.internationalinfotech.com/system/library/cart/currency.php on line 26
2017-04-23 16:28:11 - PHP Notice:  Undefined index: USD in /home/internationalinf/india.internationalinfotech.com/system/library/cart/currency.php on line 27
2017-04-23 16:28:11 - PHP Notice:  Undefined index: USD in /home/internationalinf/india.internationalinfotech.com/system/library/cart/currency.php on line 30
2017-04-23 16:28:11 - PHP Notice:  Undefined index: USD in /home/internationalinf/india.internationalinfotech.com/system/library/cart/currency.php on line 25
2017-04-23 16:28:11 - PHP Notice:  Undefined index: USD in /home/internationalinf/india.internationalinfotech.com/system/library/cart/currency.php on line 26
2017-04-23 16:28:11 - PHP Notice:  Undefined index: USD in /home/internationalinf/india.internationalinfotech.com/system/library/cart/currency.php on line 27
2017-04-23 16:28:11 - PHP Notice:  Undefined index: USD in /home/internationalinf/india.internationalinfotech.com/system/library/cart/currency.php on line 30
2017-04-23 16:28:11 - PHP Notice:  Undefined index: USD in /home/internationalinf/india.internationalinfotech.com/system/library/cart/currency.php on line 25
2017-04-23 16:28:11 - PHP Notice:  Undefined index: USD in /home/internationalinf/india.internationalinfotech.com/system/library/cart/currency.php on line 26
2017-04-23 16:28:11 - PHP Notice:  Undefined index: USD in /home/internationalinf/india.internationalinfotech.com/system/library/cart/currency.php on line 27
2017-04-23 16:28:11 - PHP Notice:  Undefined index: USD in /home/internationalinf/india.internationalinfotech.com/system/library/cart/currency.php on line 30
2017-04-23 16:28:11 - PHP Notice:  Undefined index: USD in /home/internationalinf/india.internationalinfotech.com/system/library/cart/currency.php on line 25
2017-04-23 16:28:11 - PHP Notice:  Undefined index: USD in /home/internationalinf/india.internationalinfotech.com/system/library/cart/currency.php on line 26
2017-04-23 16:28:11 - PHP Notice:  Undefined index: USD in /home/internationalinf/india.internationalinfotech.com/system/library/cart/currency.php on line 27
2017-04-23 16:28:11 - PHP Notice:  Undefined index: USD in /home/internationalinf/india.internationalinfotech.com/system/library/cart/currency.php on line 30
2017-04-23 16:28:11 - PHP Notice:  Undefined index: USD in /home/internationalinf/india.internationalinfotech.com/system/library/cart/currency.php on line 25
2017-04-23 16:28:11 - PHP Notice:  Undefined index: USD in /home/internationalinf/india.internationalinfotech.com/system/library/cart/currency.php on line 26
2017-04-23 16:28:11 - PHP Notice:  Undefined index: USD in /home/internationalinf/india.internationalinfotech.com/system/library/cart/currency.php on line 27
2017-04-23 16:28:11 - PHP Notice:  Undefined index: USD in /home/internationalinf/india.internationalinfotech.com/system/library/cart/currency.php on line 30
2017-04-23 16:28:11 - PHP Notice:  Undefined index: USD in /home/internationalinf/india.internationalinfotech.com/system/library/cart/currency.php on line 25
2017-04-23 16:28:11 - PHP Notice:  Undefined index: USD in /home/internationalinf/india.internationalinfotech.com/system/library/cart/currency.php on line 26
2017-04-23 16:28:11 - PHP Notice:  Undefined index: USD in /home/internationalinf/india.internationalinfotech.com/system/library/cart/currency.php on line 27
2017-04-23 16:28:11 - PHP Notice:  Undefined index: USD in /home/internationalinf/india.internationalinfotech.com/system/library/cart/currency.php on line 30
2017-04-23 16:28:11 - PHP Notice:  Undefined index: USD in /home/internationalinf/india.internationalinfotech.com/system/library/cart/currency.php on line 25
2017-04-23 16:28:11 - PHP Notice:  Undefined index: USD in /home/internationalinf/india.internationalinfotech.com/system/library/cart/currency.php on line 26
2017-04-23 16:28:11 - PHP Notice:  Undefined index: USD in /home/internationalinf/india.internationalinfotech.com/system/library/cart/currency.php on line 27
2017-04-23 16:28:11 - PHP Notice:  Undefined index: USD in /home/internationalinf/india.internationalinfotech.com/system/library/cart/currency.php on line 30
2017-04-23 16:28:11 - PHP Notice:  Undefined index: USD in /home/internationalinf/india.internationalinfotech.com/system/library/cart/currency.php on line 25
2017-04-23 16:28:11 - PHP Notice:  Undefined index: USD in /home/internationalinf/india.internationalinfotech.com/system/library/cart/currency.php on line 26
2017-04-23 16:28:11 - PHP Notice:  Undefined index: USD in /home/internationalinf/india.internationalinfotech.com/system/library/cart/currency.php on line 27
2017-04-23 16:28:11 - PHP Notice:  Undefined index: USD in /home/internationalinf/india.internationalinfotech.com/system/library/cart/currency.php on line 30
2017-04-26 23:08:09 - PHP Notice:  Undefined variable: class in /home/internationalinf/india.internationalinfotech.com/catalog/view/theme/default/template/common/home.tpl on line 24
2017-04-26 23:08:28 - PHP Notice:  Undefined variable: class in /home/internationalinf/india.internationalinfotech.com/catalog/view/theme/default/template/common/home.tpl on line 24
2017-04-26 23:08:54 - PHP Notice:  Undefined variable: class in /home/internationalinf/india.internationalinfotech.com/catalog/view/theme/default/template/common/home.tpl on line 24
2017-04-26 23:09:09 - PHP Notice:  Undefined variable: class in /home/internationalinf/india.internationalinfotech.com/catalog/view/theme/default/template/common/home.tpl on line 24
2017-04-26 23:26:06 - PHP Notice:  Undefined variable: class in /home/internationalinf/india.internationalinfotech.com/catalog/view/theme/default/template/common/home.tpl on line 24
2017-04-26 23:27:14 - PHP Notice:  Undefined variable: class in /home/internationalinf/india.internationalinfotech.com/catalog/view/theme/default/template/common/home.tpl on line 24
2017-04-26 23:28:35 - PHP Notice:  Undefined variable: class in /home/internationalinf/india.internationalinfotech.com/catalog/view/theme/default/template/common/home.tpl on line 24
2017-04-26 23:30:44 - PHP Notice:  Undefined variable: class in /home/internationalinf/india.internationalinfotech.com/catalog/view/theme/default/template/common/home.tpl on line 24
2017-04-26 23:34:09 - PHP Notice:  Undefined variable: class in /home/internationalinf/india.internationalinfotech.com/catalog/view/theme/default/template/common/home.tpl on line 24
2017-04-26 23:34:12 - PHP Notice:  Undefined variable: class in /home/internationalinf/india.internationalinfotech.com/catalog/view/theme/default/template/common/home.tpl on line 24
2017-04-26 23:34:32 - PHP Notice:  Undefined variable: class in /home/internationalinf/india.internationalinfotech.com/catalog/view/theme/default/template/common/home.tpl on line 24
2017-04-26 23:35:41 - PHP Notice:  Undefined variable: class in /home/internationalinf/india.internationalinfotech.com/catalog/view/theme/default/template/common/home.tpl on line 24
2017-04-26 23:36:32 - PHP Notice:  Undefined variable: class in /home/internationalinf/india.internationalinfotech.com/catalog/view/theme/default/template/common/home.tpl on line 24
2017-04-27 6:23:09 - PHP Notice:  Undefined variable: class in /home/internationalinf/india.internationalinfotech.com/catalog/view/theme/default/template/common/home.tpl on line 24
2017-04-27 6:25:28 - PHP Notice:  Undefined variable: class in /home/internationalinf/india.internationalinfotech.com/catalog/view/theme/default/template/common/home.tpl on line 24
2017-04-27 14:17:56 - PHP Notice:  Undefined variable: class in /home/internationalinf/india.internationalinfotech.com/catalog/view/theme/default/template/common/home.tpl on line 24
2017-04-27 14:18:11 - PHP Notice:  Undefined variable: class in /home/internationalinf/india.internationalinfotech.com/catalog/view/theme/default/template/common/home.tpl on line 24
2017-04-27 14:53:17 - PHP Notice:  Undefined variable: class in /home/internationalinf/india.internationalinfotech.com/catalog/view/theme/default/template/common/home.tpl on line 24
2017-04-27 15:53:56 - PHP Notice:  Undefined variable: class in /home/internationalinf/india.internationalinfotech.com/catalog/view/theme/default/template/common/home.tpl on line 24
2017-04-27 22:52:56 - PHP Notice:  Undefined variable: class in /home/internationalinf/india.internationalinfotech.com/catalog/view/theme/default/template/common/home.tpl on line 24
2017-04-27 23:01:25 - PHP Notice:  Undefined variable: class in /home/internationalinf/india.internationalinfotech.com/catalog/view/theme/default/template/common/home.tpl on line 24
2017-04-27 23:02:31 - PHP Notice:  Undefined variable: class in /home/internationalinf/india.internationalinfotech.com/catalog/view/theme/default/template/common/home.tpl on line 24
2017-04-27 23:03:16 - PHP Notice:  Undefined variable: class in /home/internationalinf/india.internationalinfotech.com/catalog/view/theme/default/template/common/home.tpl on line 24
2017-04-27 23:04:38 - PHP Notice:  Undefined variable: class in /home/internationalinf/india.internationalinfotech.com/catalog/view/theme/default/template/common/home.tpl on line 24
2017-04-27 23:04:42 - PHP Notice:  Undefined variable: class in /home/internationalinf/india.internationalinfotech.com/catalog/view/theme/default/template/common/home.tpl on line 24
2017-04-27 23:05:02 - PHP Notice:  Undefined variable: class in /home/internationalinf/india.internationalinfotech.com/catalog/view/theme/default/template/common/home.tpl on line 24
2017-04-28 13:43:42 - PHP Notice:  Undefined variable: class in /home/internationalinf/india.internationalinfotech.com/catalog/view/theme/default/template/common/home.tpl on line 24
2017-04-28 13:43:49 - PHP Notice:  Undefined variable: class in /home/internationalinf/india.internationalinfotech.com/catalog/view/theme/default/template/common/home.tpl on line 24
2017-04-28 13:44:11 - PHP Notice:  Undefined variable: class in /home/internationalinf/india.internationalinfotech.com/catalog/view/theme/default/template/common/home.tpl on line 24
2017-04-28 13:44:11 - PHP Notice:  Undefined variable: class in /home/internationalinf/india.internationalinfotech.com/catalog/view/theme/default/template/common/home.tpl on line 24
2017-04-29 8:15:15 - PHP Notice:  Undefined variable: class in /home/internationalinf/india.internationalinfotech.com/catalog/view/theme/default/template/common/home.tpl on line 24
2017-04-29 9:30:54 - PHP Notice:  Undefined variable: class in /home/internationalinf/india.internationalinfotech.com/catalog/view/theme/default/template/common/home.tpl on line 24
2017-04-29 9:33:32 - PHP Notice:  Undefined variable: class in /home/internationalinf/india.internationalinfotech.com/catalog/view/theme/default/template/common/home.tpl on line 24
2017-04-29 9:34:42 - PHP Notice:  Undefined offset: 2 in /home/internationalinf/india.internationalinfotech.com/catalog/view/theme/default/template/common/footer.tpl on line 97
2017-04-29 9:34:42 - PHP Notice:  Undefined variable: class in /home/internationalinf/india.internationalinfotech.com/catalog/view/theme/default/template/common/home.tpl on line 24
2017-04-29 9:53:00 - PHP Notice:  Undefined offset: 2 in /home/internationalinf/india.internationalinfotech.com/catalog/view/theme/default/template/common/footer.tpl on line 97
2017-04-29 9:53:00 - PHP Notice:  Undefined variable: class in /home/internationalinf/india.internationalinfotech.com/catalog/view/theme/default/template/common/home.tpl on line 24
2017-04-29 9:53:43 - PHP Notice:  Undefined offset: 2 in /home/internationalinf/india.internationalinfotech.com/catalog/view/theme/default/template/common/footer.tpl on line 97
2017-04-29 9:53:43 - PHP Notice:  Undefined variable: class in /home/internationalinf/india.internationalinfotech.com/catalog/view/theme/default/template/common/home.tpl on line 24
2017-04-29 9:54:05 - PHP Notice:  Undefined offset: 2 in /home/internationalinf/india.internationalinfotech.com/catalog/view/theme/default/template/common/footer.tpl on line 97
2017-04-29 9:54:05 - PHP Notice:  Undefined variable: class in /home/internationalinf/india.internationalinfotech.com/catalog/view/theme/default/template/common/home.tpl on line 24
2017-04-29 15:33:24 - PHP Notice:  Undefined offset: 2 in /home/internationalinf/india.internationalinfotech.com/catalog/view/theme/default/template/common/footer.tpl on line 97
2017-04-29 15:33:24 - PHP Notice:  Undefined variable: class in /home/internationalinf/india.internationalinfotech.com/catalog/view/theme/default/template/common/home.tpl on line 24
2017-04-29 15:33:42 - PHP Notice:  Undefined offset: 2 in /home/internationalinf/india.internationalinfotech.com/catalog/view/theme/default/template/common/footer.tpl on line 97
2017-04-29 15:33:42 - PHP Notice:  Undefined variable: class in /home/internationalinf/india.internationalinfotech.com/catalog/view/theme/default/template/common/home.tpl on line 24
2017-04-29 15:33:51 - PHP Notice:  Undefined offset: 2 in /home/internationalinf/india.internationalinfotech.com/catalog/view/theme/default/template/common/footer.tpl on line 97
2017-04-29 15:33:51 - PHP Notice:  Undefined variable: class in /home/internationalinf/india.internationalinfotech.com/catalog/view/theme/default/template/common/home.tpl on line 24
2017-04-29 17:10:44 - PHP Notice:  Undefined offset: 2 in /home/internationalinf/india.internationalinfotech.com/catalog/view/theme/default/template/common/footer.tpl on line 97
2017-04-29 17:10:44 - PHP Notice:  Undefined variable: class in /home/internationalinf/india.internationalinfotech.com/catalog/view/theme/default/template/common/home.tpl on line 24
2017-04-29 17:11:36 - PHP Notice:  Undefined offset: 2 in /home/internationalinf/india.internationalinfotech.com/catalog/view/theme/default/template/common/footer.tpl on line 97
2017-04-29 17:11:36 - PHP Notice:  Undefined variable: class in /home/internationalinf/india.internationalinfotech.com/catalog/view/theme/default/template/common/home.tpl on line 24
2017-04-29 17:14:50 - PHP Notice:  Undefined offset: 2 in /home/internationalinf/india.internationalinfotech.com/catalog/view/theme/default/template/common/footer.tpl on line 97
2017-04-29 17:14:50 - PHP Notice:  Undefined variable: class in /home/internationalinf/india.internationalinfotech.com/catalog/view/theme/default/template/common/home.tpl on line 24
2017-04-29 17:15:26 - PHP Notice:  Undefined variable: class in /home/internationalinf/india.internationalinfotech.com/catalog/view/theme/default/template/common/home.tpl on line 24
2017-04-29 17:17:48 - PHP Notice:  Undefined offset: 2 in /home/internationalinf/india.internationalinfotech.com/catalog/view/theme/default/template/common/footer.tpl on line 97
2017-04-29 17:17:48 - PHP Notice:  Undefined variable: class in /home/internationalinf/india.internationalinfotech.com/catalog/view/theme/default/template/common/home.tpl on line 24
2017-04-30 8:19:41 - PHP Notice:  Undefined offset: 2 in /home/internationalinf/india.internationalinfotech.com/catalog/view/theme/default/template/common/footer.tpl on line 97
2017-04-30 8:19:41 - PHP Notice:  Undefined variable: class in /home/internationalinf/india.internationalinfotech.com/catalog/view/theme/default/template/common/home.tpl on line 24
2017-04-30 8:20:09 - PHP Notice:  Undefined offset: 2 in /home/internationalinf/india.internationalinfotech.com/catalog/view/theme/default/template/common/footer.tpl on line 97
2017-04-30 8:20:09 - PHP Notice:  Undefined variable: class in /home/internationalinf/india.internationalinfotech.com/catalog/view/theme/default/template/common/home.tpl on line 24
2017-04-30 13:32:00 - PHP Notice:  Undefined offset: 2 in /home/internationalinf/india.internationalinfotech.com/catalog/view/theme/default/template/common/footer.tpl on line 97
2017-04-30 13:32:00 - PHP Notice:  Undefined variable: class in /home/internationalinf/india.internationalinfotech.com/catalog/view/theme/default/template/common/home.tpl on line 24
2017-04-30 13:33:34 - PHP Notice:  Undefined offset: 2 in /home/internationalinf/india.internationalinfotech.com/catalog/view/theme/default/template/common/footer.tpl on line 97
2017-04-30 13:33:34 - PHP Notice:  Undefined variable: class in /home/internationalinf/india.internationalinfotech.com/catalog/view/theme/default/template/common/home.tpl on line 24
2017-04-30 13:40:12 - PHP Notice:  Undefined offset: 2 in /home/internationalinf/india.internationalinfotech.com/catalog/view/theme/default/template/common/footer.tpl on line 97
2017-04-30 13:40:12 - PHP Notice:  Undefined variable: class in /home/internationalinf/india.internationalinfotech.com/catalog/view/theme/default/template/common/home.tpl on line 24
2017-04-30 13:40:17 - PHP Notice:  Undefined offset: 2 in /home/internationalinf/india.internationalinfotech.com/catalog/view/theme/default/template/common/footer.tpl on line 97
2017-04-30 13:40:17 - PHP Notice:  Undefined variable: class in /home/internationalinf/india.internationalinfotech.com/catalog/view/theme/default/template/common/home.tpl on line 24
2017-04-30 13:40:49 - PHP Notice:  Undefined variable: class in /home/internationalinf/india.internationalinfotech.com/catalog/view/theme/default/template/common/home.tpl on line 24
2017-04-30 13:44:41 - PHP Notice:  Undefined variable: class in /home/internationalinf/india.internationalinfotech.com/catalog/view/theme/default/template/common/home.tpl on line 24
2017-04-30 16:41:12 - PHP Notice:  Undefined offset: 2 in /home/internationalinf/india.internationalinfotech.com/catalog/view/theme/default/template/common/footer.tpl on line 97
2017-04-30 16:41:12 - PHP Notice:  Undefined variable: class in /home/internationalinf/india.internationalinfotech.com/catalog/view/theme/default/template/common/home.tpl on line 24
2017-04-30 16:46:30 - PHP Notice:  Undefined variable: help_geo_zone in /home/internationalinf/india.internationalinfotech.com/admin/view/template/extension/payment/ccavenuepay.tpl on line 130
2017-04-30 21:02:17 - PHP Notice:  Undefined offset: 2 in /home/internationalinf/india.internationalinfotech.com/catalog/view/theme/default/template/common/footer.tpl on line 97
2017-04-30 21:02:17 - PHP Notice:  Undefined variable: class in /home/internationalinf/india.internationalinfotech.com/catalog/view/theme/default/template/common/home.tpl on line 24
2017-04-30 21:02:23 - PHP Notice:  Undefined offset: 2 in /home/internationalinf/india.internationalinfotech.com/catalog/view/theme/default/template/common/footer.tpl on line 97
2017-04-30 21:02:23 - PHP Notice:  Undefined variable: class in /home/internationalinf/india.internationalinfotech.com/catalog/view/theme/default/template/common/home.tpl on line 24
2017-04-30 21:04:59 - PHP Notice:  Undefined offset: 2 in /home/internationalinf/india.internationalinfotech.com/catalog/view/theme/default/template/common/footer.tpl on line 97
2017-04-30 21:04:59 - PHP Notice:  Undefined variable: class in /home/internationalinf/india.internationalinfotech.com/catalog/view/theme/default/template/common/home.tpl on line 24
2017-04-30 21:13:33 - PHP Notice:  Undefined offset: 2 in /home/internationalinf/india.internationalinfotech.com/catalog/view/theme/default/template/common/footer.tpl on line 97
2017-04-30 21:13:33 - PHP Notice:  Undefined variable: class in /home/internationalinf/india.internationalinfotech.com/catalog/view/theme/default/template/common/home.tpl on line 24
2017-05-01 21:07:29 - PHP Notice:  Undefined offset: 2 in /home/internationalinf/india.internationalinfotech.com/catalog/view/theme/default/template/common/footer.tpl on line 97
2017-05-01 21:07:29 - PHP Notice:  Undefined variable: class in /home/internationalinf/india.internationalinfotech.com/catalog/view/theme/default/template/common/home.tpl on line 24
2017-05-01 21:08:57 - PHP Notice:  Undefined offset: 2 in /home/internationalinf/india.internationalinfotech.com/catalog/view/theme/default/template/common/footer.tpl on line 97
2017-05-01 21:08:57 - PHP Notice:  Undefined variable: class in /home/internationalinf/india.internationalinfotech.com/catalog/view/theme/default/template/common/home.tpl on line 24
2017-05-01 21:11:58 - PHP Notice:  Undefined offset: 2 in /home/internationalinf/india.internationalinfotech.com/catalog/view/theme/default/template/common/footer.tpl on line 97
2017-05-01 21:11:58 - PHP Notice:  Undefined variable: class in /home/internationalinf/india.internationalinfotech.com/catalog/view/theme/default/template/common/home.tpl on line 24
2017-05-01 21:12:17 - PHP Notice:  Undefined offset: 2 in /home/internationalinf/india.internationalinfotech.com/catalog/view/theme/default/template/common/footer.tpl on line 97
2017-05-01 21:12:17 - PHP Notice:  Undefined variable: class in /home/internationalinf/india.internationalinfotech.com/catalog/view/theme/default/template/common/home.tpl on line 24
2017-05-01 21:18:03 - PHP Notice:  Undefined variable: class in /home/internationalinf/india.internationalinfotech.com/catalog/view/theme/default/template/common/home.tpl on line 24
2017-05-01 21:18:47 - PHP Notice:  Undefined variable: class in /home/internationalinf/india.internationalinfotech.com/catalog/view/theme/default/template/common/home.tpl on line 24
2017-05-01 21:29:48 - PHP Notice:  Undefined variable: class in /home/internationalinf/india.internationalinfotech.com/catalog/view/theme/default/template/common/home.tpl on line 24
2017-05-01 22:51:54 - PHP Notice:  Undefined offset: 2 in /home/internationalinf/india.internationalinfotech.com/catalog/view/theme/default/template/common/footer.tpl on line 97
2017-05-01 22:51:54 - PHP Notice:  Undefined variable: class in /home/internationalinf/india.internationalinfotech.com/catalog/view/theme/default/template/common/home.tpl on line 24
2017-05-01 22:51:55 - PHP Notice:  Undefined offset: 2 in /home/internationalinf/india.internationalinfotech.com/catalog/view/theme/default/template/common/footer.tpl on line 97
2017-05-01 22:51:55 - PHP Notice:  Undefined variable: class in /home/internationalinf/india.internationalinfotech.com/catalog/view/theme/default/template/common/home.tpl on line 24
2017-05-01 22:55:58 - PHP Notice:  Undefined offset: 2 in /home/internationalinf/india.internationalinfotech.com/catalog/view/theme/default/template/common/footer.tpl on line 97
2017-05-01 22:55:58 - PHP Notice:  Undefined variable: class in /home/internationalinf/india.internationalinfotech.com/catalog/view/theme/default/template/common/home.tpl on line 24
2017-05-01 23:18:20 - PHP Notice:  Undefined index:  in /home/internationalinf/india.internationalinfotech.com/system/library/cart/currency.php on line 25
2017-05-01 23:18:20 - PHP Notice:  Undefined index:  in /home/internationalinf/india.internationalinfotech.com/system/library/cart/currency.php on line 26
2017-05-01 23:18:20 - PHP Notice:  Undefined index:  in /home/internationalinf/india.internationalinfotech.com/system/library/cart/currency.php on line 27
2017-05-01 23:18:20 - PHP Notice:  Undefined index:  in /home/internationalinf/india.internationalinfotech.com/system/library/cart/currency.php on line 30
2017-05-01 23:19:36 - PHP Notice:  Undefined index:  in /home/internationalinf/india.internationalinfotech.com/system/library/cart/currency.php on line 25
2017-05-01 23:19:36 - PHP Notice:  Undefined index:  in /home/internationalinf/india.internationalinfotech.com/system/library/cart/currency.php on line 26
2017-05-01 23:19:36 - PHP Notice:  Undefined index:  in /home/internationalinf/india.internationalinfotech.com/system/library/cart/currency.php on line 27
2017-05-01 23:19:36 - PHP Notice:  Undefined index:  in /home/internationalinf/india.internationalinfotech.com/system/library/cart/currency.php on line 30
2017-05-01 23:24:29 - PHP Notice:  Undefined variable: class in /home/internationalinf/india.internationalinfotech.com/catalog/view/theme/default/template/common/home.tpl on line 24
2017-05-01 23:28:48 - PHP Notice:  Undefined variable: class in /home/internationalinf/india.internationalinfotech.com/catalog/view/theme/default/template/common/home.tpl on line 24
2017-05-03 8:01:12 - PHP Notice:  Undefined offset: 2 in /home/internationalinf/india.internationalinfotech.com/catalog/view/theme/default/template/common/footer.tpl on line 97
2017-05-03 8:01:13 - PHP Notice:  Undefined variable: class in /home/internationalinf/india.internationalinfotech.com/catalog/view/theme/default/template/common/home.tpl on line 24
2017-05-07 17:26:23 - PHP Notice:  Undefined offset: 2 in /home/internationalinf/india.internationalinfotech.com/catalog/view/theme/default/template/common/footer.tpl on line 97
2017-05-07 17:26:23 - PHP Notice:  Undefined variable: class in /home/internationalinf/india.internationalinfotech.com/catalog/view/theme/default/template/common/home.tpl on line 24
2017-05-07 17:57:53 - PHP Notice:  Undefined offset: 2 in /home/internationalinf/india.internationalinfotech.com/catalog/view/theme/default/template/common/footer.tpl on line 97
2017-05-07 17:57:53 - PHP Notice:  Undefined variable: class in /home/internationalinf/india.internationalinfotech.com/catalog/view/theme/default/template/common/home.tpl on line 24
2017-05-07 17:58:50 - PHP Notice:  Undefined offset: 2 in /home/internationalinf/india.internationalinfotech.com/catalog/view/theme/default/template/common/footer.tpl on line 97
2017-05-07 17:58:50 - PHP Notice:  Undefined variable: class in /home/internationalinf/india.internationalinfotech.com/catalog/view/theme/default/template/common/home.tpl on line 24
2017-05-07 18:04:06 - PHP Notice:  Undefined offset: 2 in /home/internationalinf/india.internationalinfotech.com/catalog/view/theme/default/template/common/footer.tpl on line 97
2017-05-07 18:04:06 - PHP Notice:  Undefined variable: class in /home/internationalinf/india.internationalinfotech.com/catalog/view/theme/default/template/common/home.tpl on line 24
2017-05-07 18:06:01 - PHP Notice:  Undefined offset: 2 in /home/internationalinf/india.internationalinfotech.com/catalog/view/theme/default/template/common/footer.tpl on line 97
2017-05-07 18:06:01 - PHP Notice:  Undefined variable: class in /home/internationalinf/india.internationalinfotech.com/catalog/view/theme/default/template/common/home.tpl on line 24
2017-05-07 18:07:27 - PHP Notice:  Undefined offset: 2 in /home/internationalinf/india.internationalinfotech.com/catalog/view/theme/default/template/common/footer.tpl on line 97
2017-05-07 18:07:27 - PHP Notice:  Undefined variable: class in /home/internationalinf/india.internationalinfotech.com/catalog/view/theme/default/template/common/home.tpl on line 24
2017-05-07 18:08:58 - PHP Notice:  Undefined offset: 2 in /home/internationalinf/india.internationalinfotech.com/catalog/view/theme/default/template/common/footer.tpl on line 97
2017-05-07 18:08:58 - PHP Notice:  Undefined variable: class in /home/internationalinf/india.internationalinfotech.com/catalog/view/theme/default/template/common/home.tpl on line 24
2017-05-07 18:12:22 - PHP Notice:  Undefined offset: 2 in /home/internationalinf/india.internationalinfotech.com/catalog/view/theme/default/template/common/footer.tpl on line 97
2017-05-07 18:12:29 - PHP Notice:  Undefined offset: 2 in /home/internationalinf/india.internationalinfotech.com/catalog/view/theme/default/template/common/footer.tpl on line 97
2017-05-07 18:12:32 - PHP Notice:  Undefined offset: 2 in /home/internationalinf/india.internationalinfotech.com/catalog/view/theme/default/template/common/footer.tpl on line 97
2017-05-07 18:12:40 - PHP Notice:  Undefined offset: 2 in /home/internationalinf/india.internationalinfotech.com/catalog/view/theme/default/template/common/footer.tpl on line 97
2017-05-07 18:12:41 - PHP Notice:  Undefined offset: 2 in /home/internationalinf/india.internationalinfotech.com/catalog/view/theme/default/template/common/footer.tpl on line 97
2017-05-07 18:13:36 - PHP Notice:  Undefined offset: 2 in /home/internationalinf/india.internationalinfotech.com/catalog/view/theme/default/template/common/footer.tpl on line 97
2017-05-07 18:14:15 - PHP Notice:  Undefined offset: 2 in /home/internationalinf/india.internationalinfotech.com/catalog/view/theme/default/template/common/footer.tpl on line 97
2017-05-07 18:15:37 - PHP Notice:  Undefined offset: 2 in /home/internationalinf/india.internationalinfotech.com/catalog/view/theme/default/template/common/footer.tpl on line 97
2017-05-07 18:16:20 - PHP Notice:  Undefined offset: 2 in /home/internationalinf/india.internationalinfotech.com/catalog/view/theme/default/template/common/footer.tpl on line 97
2017-05-07 18:16:27 - PHP Notice:  Undefined offset: 2 in /home/internationalinf/india.internationalinfotech.com/catalog/view/theme/default/template/common/footer.tpl on line 97
2017-05-07 18:16:54 - PHP Notice:  Undefined offset: 2 in /home/internationalinf/india.internationalinfotech.com/catalog/view/theme/default/template/common/footer.tpl on line 97
2017-05-07 18:17:00 - PHP Notice:  Undefined offset: 2 in /home/internationalinf/india.internationalinfotech.com/catalog/view/theme/default/template/common/footer.tpl on line 97
2017-05-07 18:21:05 - PHP Notice:  Undefined offset: 2 in /home/internationalinf/india.internationalinfotech.com/catalog/view/theme/default/template/common/footer.tpl on line 97
2017-05-07 18:24:12 - PHP Notice:  Undefined offset: 2 in /home/internationalinf/india.internationalinfotech.com/catalog/view/theme/default/template/common/footer.tpl on line 97
2017-05-10 10:01:20 - PHP Notice:  Undefined variable: class in /home/internationalinf/india.internationalinfotech.com/catalog/view/theme/default/template/common/home.tpl on line 23
2017-05-10 10:02:05 - PHP Notice:  Undefined variable: class in /home/internationalinf/india.internationalinfotech.com/catalog/view/theme/default/template/common/home.tpl on line 23
2017-05-16 16:39:36 - PHP Notice:  Undefined variable: class in /home/internationalinf/india.internationalinfotech.com/catalog/view/theme/default/template/common/home.tpl on line 23
2017-05-16 16:42:23 - PHP Notice:  Undefined variable: class in /home/internationalinf/india.internationalinfotech.com/catalog/view/theme/default/template/common/home.tpl on line 23
2017-05-25 8:19:20 - PHP Notice:  Undefined variable: class in /home/internationalinf/india.internationalinfotech.com/catalog/view/theme/default/template/common/home.tpl on line 23
2017-05-30 21:12:30 - PHP Notice:  Undefined variable: class in /home/internationalinf/india.internationalinfotech.com/catalog/view/theme/default/template/common/home.tpl on line 23
2017-07-10 9:39:52 - PHP Notice:  Undefined variable: class in /home/internationalinf/india.internationalinfotech.com/catalog/view/theme/default/template/common/home.tpl on line 23
2017-07-10 9:40:27 - PHP Notice:  Undefined variable: class in /home/internationalinf/india.internationalinfotech.com/catalog/view/theme/default/template/common/home.tpl on line 23
2017-07-10 9:40:28 - PHP Notice:  Undefined variable: class in /home/internationalinf/india.internationalinfotech.com/catalog/view/theme/default/template/common/home.tpl on line 23
2017-07-10 9:41:02 - PHP Notice:  Undefined variable: class in /home/internationalinf/india.internationalinfotech.com/catalog/view/theme/default/template/common/home.tpl on line 23
2017-07-10 23:46:51 - PHP Notice:  Undefined variable: class in /home/internationalinf/india.internationalinfotech.com/catalog/view/theme/default/template/common/home.tpl on line 23
2017-07-12 22:26:54 - PHP Notice:  Undefined variable: class in /home/internationalinf/india.internationalinfotech.com/catalog/view/theme/default/template/common/home.tpl on line 23
2017-09-16 5:11:55 - PHP Notice:  Undefined variable: class in /home/internationalinf/india.internationalinfotech.com/catalog/view/theme/default/template/common/home.tpl on line 23
2017-09-16 5:12:51 - PHP Notice:  Undefined variable: class in /home/internationalinf/india.internationalinfotech.com/catalog/view/theme/default/template/common/home.tpl on line 23
2017-09-16 15:30:40 - PHP Notice:  Undefined variable: class in /home/internationalinf/india.internationalinfotech.com/catalog/view/theme/default/template/common/home.tpl on line 23
2017-09-16 15:33:35 - PHP Notice:  Undefined variable: class in /home/internationalinf/india.internationalinfotech.com/catalog/view/theme/default/template/common/home.tpl on line 23
2017-09-16 15:33:54 - PHP Notice:  Undefined variable: class in /home/internationalinf/india.internationalinfotech.com/catalog/view/theme/default/template/common/home.tpl on line 23
2017-09-17 2:40:44 - PHP Notice:  Undefined variable: class in /home/internationalinf/india.internationalinfotech.com/catalog/view/theme/default/template/common/home.tpl on line 23
2017-10-09 15:30:07 - PHP Notice:  Undefined variable: class in /home/internationalinf/india.internationalinfotech.com/catalog/view/theme/default/template/common/home.tpl on line 23
2017-10-11 5:57:02 - PHP Notice:  Undefined variable: class in /home/internationalinf/india.internationalinfotech.com/catalog/view/theme/default/template/common/home.tpl on line 23
2017-10-11 5:57:15 - PHP Notice:  Undefined variable: class in /home/internationalinf/india.internationalinfotech.com/catalog/view/theme/default/template/common/home.tpl on line 23
2017-10-11 21:30:28 - PHP Notice:  Undefined variable: class in /home/internationalinf/india.internationalinfotech.com/catalog/view/theme/default/template/common/home.tpl on line 23
2017-10-11 21:30:50 - PHP Notice:  Undefined variable: class in /home/internationalinf/india.internationalinfotech.com/catalog/view/theme/default/template/common/home.tpl on line 23
2017-10-28 22:09:28 - PHP Notice:  Undefined variable: class in /home/internationalinf/india.internationalinfotech.com/catalog/view/theme/default/template/common/home.tpl on line 23
2017-10-29 13:59:04 - PHP Notice:  Undefined variable: class in /home/internationalinf/india.internationalinfotech.com/catalog/view/theme/default/template/common/home.tpl on line 23
2017-10-29 14:00:07 - PHP Notice:  Undefined variable: class in /home/internationalinf/india.internationalinfotech.com/catalog/view/theme/default/template/common/home.tpl on line 23
2017-10-29 14:01:13 - PHP Notice:  Undefined variable: class in /home/internationalinf/india.internationalinfotech.com/catalog/view/theme/default/template/common/home.tpl on line 23
2017-10-31 17:56:05 - PHP Notice:  Undefined variable: class in /home/internationalinf/india.internationalinfotech.com/catalog/view/theme/default/template/common/home.tpl on line 23
2017-10-31 17:58:53 - PHP Notice:  Undefined variable: class in /home/internationalinf/india.internationalinfotech.com/catalog/view/theme/default/template/common/home.tpl on line 23
2017-10-31 18:00:36 - PHP Notice:  Undefined variable: class in /home/internationalinf/india.internationalinfotech.com/catalog/view/theme/default/template/common/home.tpl on line 23
2017-11-01 13:01:55 - PHP Notice:  Undefined variable: class in /home/internationalinf/india.internationalinfotech.com/catalog/view/theme/default/template/common/home.tpl on line 23
2017-11-01 13:14:36 - PHP Notice:  Undefined variable: class in /home/internationalinf/india.internationalinfotech.com/catalog/view/theme/default/template/common/home.tpl on line 23
2017-11-01 13:14:48 - PHP Notice:  Undefined variable: class in /home/internationalinf/india.internationalinfotech.com/catalog/view/theme/default/template/common/home.tpl on line 23
2017-11-01 13:21:02 - PHP Notice:  Undefined variable: class in /home/internationalinf/india.internationalinfotech.com/catalog/view/theme/default/template/common/home.tpl on line 23
2017-11-01 13:29:13 - PHP Notice:  Undefined variable: class in /home/internationalinf/india.internationalinfotech.com/catalog/view/theme/default/template/common/home.tpl on line 23
2017-11-01 13:30:21 - PHP Notice:  Undefined variable: class in /home/internationalinf/india.internationalinfotech.com/catalog/view/theme/default/template/common/home.tpl on line 23
2017-11-01 13:30:22 - PHP Notice:  Undefined variable: class in /home/internationalinf/india.internationalinfotech.com/catalog/view/theme/default/template/common/home.tpl on line 23
2017-11-01 13:36:00 - PHP Notice:  Undefined variable: class in /home/internationalinf/india.internationalinfotech.com/catalog/view/theme/default/template/common/home.tpl on line 23
2017-11-01 13:36:04 - PHP Notice:  Undefined variable: class in /home/internationalinf/india.internationalinfotech.com/catalog/view/theme/default/template/common/home.tpl on line 23
2017-11-01 13:37:04 - PHP Notice:  Undefined variable: class in /home/internationalinf/india.internationalinfotech.com/catalog/view/theme/default/template/common/home.tpl on line 23
2017-11-01 13:37:19 - PHP Notice:  Undefined variable: class in /home/internationalinf/india.internationalinfotech.com/catalog/view/theme/default/template/common/home.tpl on line 23
2017-11-01 13:39:00 - PHP Notice:  Undefined variable: class in /home/internationalinf/india.internationalinfotech.com/catalog/view/theme/default/template/common/home.tpl on line 23
2017-11-03 8:18:30 - PHP Notice:  Undefined variable: class in /home/internationalinf/india.internationalinfotech.com/catalog/view/theme/default/template/common/home.tpl on line 23
2017-11-04 11:10:31 - PHP Notice:  Undefined variable: class in /home/internationalinf/india.internationalinfotech.com/catalog/view/theme/default/template/common/home.tpl on line 23
2017-11-04 11:12:04 - PHP Notice:  Undefined variable: class in /home/internationalinf/india.internationalinfotech.com/catalog/view/theme/default/template/common/home.tpl on line 23
2017-11-04 11:21:44 - PHP Notice:  Undefined variable: class in /home/internationalinf/india.internationalinfotech.com/catalog/view/theme/default/template/common/home.tpl on line 23
2017-11-04 15:00:00 - PHP Notice:  Undefined variable: text_search in /home/internationalinf/india.internationalinfotech.com/catalog/view/theme/default/template/common/header.tpl on line 256
2017-11-04 15:00:09 - PHP Notice:  Undefined variable: text_search in /home/internationalinf/india.internationalinfotech.com/catalog/view/theme/default/template/common/header.tpl on line 256
2017-11-04 15:00:56 - PHP Notice:  Undefined variable: text_search in /home/internationalinf/india.internationalinfotech.com/catalog/view/theme/default/template/common/header.tpl on line 256
2017-11-04 15:01:22 - PHP Notice:  Undefined variable: class in /home/internationalinf/india.internationalinfotech.com/catalog/view/theme/default/template/common/home.tpl on line 23
2017-11-05 8:08:06 - PHP Notice:  Undefined variable: class in /home/internationalinf/india.internationalinfotech.com/catalog/view/theme/default/template/common/home.tpl on line 23
2017-11-05 8:08:22 - PHP Notice:  Undefined variable: class in /home/internationalinf/india.internationalinfotech.com/catalog/view/theme/default/template/common/home.tpl on line 23
2017-11-05 8:08:30 - PHP Notice:  Undefined variable: class in /home/internationalinf/india.internationalinfotech.com/catalog/view/theme/default/template/common/home.tpl on line 23
2017-11-05 8:16:12 - PHP Notice:  Undefined variable: class in /home/internationalinf/india.internationalinfotech.com/catalog/view/theme/default/template/common/home.tpl on line 23
2017-11-05 8:20:15 - PHP Notice:  Undefined variable: class in /home/internationalinf/india.internationalinfotech.com/catalog/view/theme/default/template/common/home.tpl on line 23
2017-11-05 9:26:23 - PHP Notice:  Undefined variable: class in /home/internationalinf/india.internationalinfotech.com/catalog/view/theme/default/template/common/home.tpl on line 23
2017-11-05 9:30:04 - PHP Notice:  Undefined variable: class in /home/internationalinf/india.internationalinfotech.com/catalog/view/theme/default/template/common/home.tpl on line 23
2017-11-05 9:30:09 - PHP Notice:  Undefined variable: class in /home/internationalinf/india.internationalinfotech.com/catalog/view/theme/default/template/common/home.tpl on line 23
2017-11-05 9:30:33 - PHP Notice:  Undefined variable: class in /home/internationalinf/india.internationalinfotech.com/catalog/view/theme/default/template/common/home.tpl on line 23
2017-11-05 9:32:18 - PHP Notice:  Undefined variable: class in /home/internationalinf/india.internationalinfotech.com/catalog/view/theme/default/template/common/home.tpl on line 23
2017-11-05 9:34:12 - PHP Notice:  Undefined variable: class in /home/internationalinf/india.internationalinfotech.com/catalog/view/theme/default/template/common/home.tpl on line 23
2017-11-05 9:37:50 - PHP Notice:  Undefined variable: class in /home/internationalinf/india.internationalinfotech.com/catalog/view/theme/default/template/common/home.tpl on line 23
2017-11-05 9:57:59 - PHP Notice:  Undefined variable: class in /home/internationalinf/india.internationalinfotech.com/catalog/view/theme/default/template/common/home.tpl on line 23
2017-11-05 10:00:56 - PHP Notice:  Undefined variable: class in /home/internationalinf/india.internationalinfotech.com/catalog/view/theme/default/template/common/home.tpl on line 23
2017-11-05 18:57:53 - PHP Notice:  Undefined variable: class in /home/internationalinf/india.internationalinfotech.com/catalog/view/theme/default/template/common/home.tpl on line 23
2017-11-05 18:59:24 - PHP Notice:  Undefined variable: class in /home/internationalinf/india.internationalinfotech.com/catalog/view/theme/default/template/common/home.tpl on line 23
2017-11-05 19:00:03 - PHP Notice:  Undefined variable: class in /home/internationalinf/india.internationalinfotech.com/catalog/view/theme/default/template/common/home.tpl on line 23
2017-11-11 6:38:32 - PHP Notice:  Undefined variable: class in /home/internationalinf/india.internationalinfotech.com/catalog/view/theme/default/template/common/home.tpl on line 23
2017-11-14 18:37:51 - PHP Notice:  Undefined variable: class in /home/internationalinf/india.internationalinfotech.com/catalog/view/theme/default/template/common/home.tpl on line 23
2017-11-14 19:51:00 - PHP Notice:  Undefined variable: class in /home/internationalinf/india.internationalinfotech.com/catalog/view/theme/default/template/common/home.tpl on line 23
2017-12-08 5:06:38 - PHP Notice:  Undefined variable: class in /home/internationalinf/india.internationalinfotech.com/catalog/view/theme/default/template/common/home.tpl on line 23
2017-12-09 21:35:38 - PHP Notice:  Undefined variable: class in /home/internationalinf/india.internationalinfotech.com/catalog/view/theme/default/template/common/home.tpl on line 23
2017-12-09 21:47:22 - PHP Notice:  Undefined variable: class in /home/internationalinf/india.internationalinfotech.com/catalog/view/theme/default/template/common/home.tpl on line 23
2017-12-10 7:31:15 - PHP Notice:  Undefined variable: class in /home/internationalinf/india.internationalinfotech.com/catalog/view/theme/default/template/common/home.tpl on line 23
2017-12-10 8:39:34 - PHP Notice:  Undefined variable: class in /home/internationalinf/india.internationalinfotech.com/catalog/view/theme/default/template/common/home.tpl on line 23
2018-01-09 20:43:25 - PHP Notice:  Undefined variable: class in /home/internationalinf/india.internationalinfotech.com/catalog/view/theme/default/template/common/home.tpl on line 23
2018-01-09 20:44:05 - PHP Notice:  Undefined variable: class in /home/internationalinf/india.internationalinfotech.com/catalog/view/theme/default/template/common/home.tpl on line 23
2018-02-06 12:28:02 - PHP Notice:  Undefined variable: class in /home/internationalinf/india.internationalinfotech.com/catalog/view/theme/default/template/common/home.tpl on line 23
2018-02-06 12:57:20 - PHP Notice:  Undefined variable: class in /home/internationalinf/india.internationalinfotech.com/catalog/view/theme/default/template/common/home.tpl on line 23
2018-03-06 0:54:34 - PHP Notice:  Undefined variable: class in /home/internationalinf/india.internationalinfotech.com/catalog/view/theme/default/template/common/home.tpl on line 23
2018-03-09 20:24:38 - PHP Notice:  Undefined variable: class in /home/internationalinf/india.internationalinfotech.com/catalog/view/theme/default/template/common/home.tpl on line 23
2018-03-09 20:27:18 - PHP Notice:  Undefined variable: class in /home/internationalinf/india.internationalinfotech.com/catalog/view/theme/default/template/common/home.tpl on line 23
2018-03-20 10:23:20 - PHP Notice:  Undefined variable: class in /home/internationalinf/india.internationalinfotech.com/catalog/view/theme/default/template/common/home.tpl on line 23
2018-04-03 22:01:40 - PHP Notice:  Undefined variable: class in /home/internationalinf/india.internationalinfotech.com/catalog/view/theme/default/template/common/home.tpl on line 23
2018-04-08 20:32:04 - PHP Notice:  Undefined variable: class in /home/internationalinf/india.internationalinfotech.com/catalog/view/theme/default/template/common/home.tpl on line 23
2018-04-08 21:24:05 - PHP Notice:  Undefined variable: class in /home/internationalinf/india.internationalinfotech.com/catalog/view/theme/default/template/common/home.tpl on line 23
2018-04-09 14:33:06 - PHP Notice:  Undefined variable: class in /home/internationalinf/india.internationalinfotech.com/catalog/view/theme/default/template/common/home.tpl on line 23
2018-04-09 14:36:16 - PHP Notice:  Undefined variable: class in /home/internationalinf/india.internationalinfotech.com/catalog/view/theme/default/template/common/home.tpl on line 23
2018-05-04 20:24:10 - PHP Notice:  Undefined variable: class in /home/internationalinf/india.internationalinfotech.com/catalog/view/theme/default/template/common/home.tpl on line 23
2018-05-10 11:09:32 - PHP Notice:  Undefined variable: class in /home/internationalinf/india.internationalinfotech.com/catalog/view/theme/default/template/common/home.tpl on line 23
2018-05-10 12:11:50 - PHP Notice:  Undefined variable: class in /home/internationalinf/india.internationalinfotech.com/catalog/view/theme/default/template/common/home.tpl on line 23
2018-05-21 2:54:55 - PHP Notice:  Undefined variable: class in /home/internationalinf/india.internationalinfotech.com/catalog/view/theme/default/template/common/home.tpl on line 23
2018-05-21 2:54:55 - PHP Notice:  Undefined variable: class in /home/internationalinf/india.internationalinfotech.com/catalog/view/theme/default/template/common/home.tpl on line 23
2018-05-21 2:54:55 - PHP Notice:  Undefined variable: class in /home/internationalinf/india.internationalinfotech.com/catalog/view/theme/default/template/common/home.tpl on line 23
2018-05-21 2:54:55 - PHP Notice:  Undefined variable: class in /home/internationalinf/india.internationalinfotech.com/catalog/view/theme/default/template/common/home.tpl on line 23
2018-05-21 2:54:55 - PHP Notice:  Undefined variable: class in /home/internationalinf/india.internationalinfotech.com/catalog/view/theme/default/template/common/home.tpl on line 23
2018-05-21 2:54:55 - PHP Notice:  Undefined variable: class in /home/internationalinf/india.internationalinfotech.com/catalog/view/theme/default/template/common/home.tpl on line 23
2018-05-21 2:55:00 - PHP Notice:  Undefined variable: class in /home/internationalinf/india.internationalinfotech.com/catalog/view/theme/default/template/common/home.tpl on line 23
2018-05-21 3:09:47 - PHP Notice:  Undefined variable: class in /home/internationalinf/india.internationalinfotech.com/catalog/view/theme/default/template/common/home.tpl on line 23
2018-05-21 3:09:47 - PHP Notice:  Undefined variable: class in /home/internationalinf/india.internationalinfotech.com/catalog/view/theme/default/template/common/home.tpl on line 23
2018-05-21 3:09:48 - PHP Notice:  Undefined variable: class in /home/internationalinf/india.internationalinfotech.com/catalog/view/theme/default/template/common/home.tpl on line 23
2018-05-21 3:09:53 - PHP Notice:  Undefined variable: class in /home/internationalinf/india.internationalinfotech.com/catalog/view/theme/default/template/common/home.tpl on line 23
2018-06-02 8:34:16 - PHP Notice:  Undefined variable: class in /home/internationalinf/india.internationalinfotech.com/catalog/view/theme/default/template/common/home.tpl on line 23
2018-06-04 18:24:17 - PHP Notice:  Undefined variable: class in /home/internationalinf/india.internationalinfotech.com/catalog/view/theme/default/template/common/home.tpl on line 23
2018-06-07 12:26:40 - PHP Notice:  Undefined variable: class in /home/internationalinf/india.internationalinfotech.com/catalog/view/theme/default/template/common/home.tpl on line 23
2018-06-07 12:57:26 - PHP Notice:  Undefined variable: class in /home/internationalinf/india.internationalinfotech.com/catalog/view/theme/default/template/common/home.tpl on line 23
2018-06-08 14:41:40 - PHP Notice:  Undefined variable: class in /home/internationalinf/india.internationalinfotech.com/catalog/view/theme/default/template/common/home.tpl on line 23
2018-06-09 17:08:50 - PHP Notice:  Undefined variable: class in /home/internationalinf/india.internationalinfotech.com/catalog/view/theme/default/template/common/home.tpl on line 23
2018-06-15 15:49:53 - PHP Notice:  Undefined variable: class in /home/internationalinf/india.internationalinfotech.com/catalog/view/theme/default/template/common/home.tpl on line 23
2018-06-23 3:07:06 - PHP Notice:  Undefined variable: class in /home/internationalinf/india.internationalinfotech.com/catalog/view/theme/default/template/common/home.tpl on line 23
2018-06-26 10:08:55 - PHP Notice:  Undefined variable: class in /home/internationalinf/india.internationalinfotech.com/catalog/view/theme/default/template/common/home.tpl on line 23
2018-07-04 0:36:07 - PHP Notice:  Undefined variable: class in /home/internationalinf/india.internationalinfotech.com/catalog/view/theme/default/template/common/home.tpl on line 23
2018-07-04 6:31:18 - PHP Notice:  Undefined variable: class in /home/internationalinf/india.internationalinfotech.com/catalog/view/theme/default/template/common/home.tpl on line 23
2018-07-04 10:25:18 - PHP Notice:  Undefined variable: class in /home/internationalinf/india.internationalinfotech.com/catalog/view/theme/default/template/common/home.tpl on line 23
2018-07-04 16:01:31 - PHP Notice:  Undefined variable: class in /home/internationalinf/india.internationalinfotech.com/catalog/view/theme/default/template/common/home.tpl on line 23
2018-07-04 22:31:53 - PHP Notice:  Undefined variable: class in /home/internationalinf/india.internationalinfotech.com/catalog/view/theme/default/template/common/home.tpl on line 23
2018-07-09 14:31:59 - PHP Notice:  Undefined variable: class in /home/internationalinf/india.internationalinfotech.com/catalog/view/theme/default/template/common/home.tpl on line 23
2018-07-09 15:28:07 - PHP Notice:  Undefined variable: class in /home/internationalinf/india.internationalinfotech.com/catalog/view/theme/default/template/common/home.tpl on line 23
2018-08-09 4:55:05 - PHP Notice:  Undefined variable: class in /home/internationalinf/india.internationalinfotech.com/catalog/view/theme/default/template/common/home.tpl on line 23
2018-08-09 20:36:30 - PHP Notice:  Undefined variable: class in /home/internationalinf/india.internationalinfotech.com/catalog/view/theme/default/template/common/home.tpl on line 23
2018-08-11 21:03:56 - PHP Notice:  Undefined variable: class in /home/internationalinf/india.internationalinfotech.com/catalog/view/theme/default/template/common/home.tpl on line 23
2018-08-11 21:52:18 - PHP Notice:  Undefined variable: class in /home/internationalinf/india.internationalinfotech.com/catalog/view/theme/default/template/common/home.tpl on line 23
2018-08-13 21:11:49 - PHP Notice:  Undefined variable: class in /home/internationalinf/india.internationalinfotech.com/catalog/view/theme/default/template/common/home.tpl on line 23
2018-09-24 18:42:49 - PHP Notice:  Undefined variable: class in C:\xampp\htdocs\nameste\catalog\view\theme\default\template\common\home.tpl on line 23
